<?xml version="1.0" encoding="UTF-8"?>
<!-- Generated by org.testng.reporters.JUnitReportReporter -->
<testsuite hostname="Rutz" failures="0" tests="5" name="tests.LoginTest" time="44.920" errors="0" timestamp="2025-07-13T16:42:54 IST" skipped="0">
  <testcase classname="tests.LoginTest" name="loginTest" time="8.738"/>
  <system-out/>
  <testcase classname="tests.LoginTest" name="loginTest" time="10.231"/>
  <system-out/>
  <testcase classname="tests.LoginTest" name="loginTest" time="7.927"/>
  <system-out/>
  <testcase classname="tests.LoginTest" name="loginTest" time="9.098"/>
  <system-out/>
  <testcase classname="tests.LoginTest" name="loginTest" time="8.926"/>
  <system-out/>
</testsuite> <!-- tests.LoginTest -->
