<?xml version="1.0" encoding="UTF-8"?>
<!-- Generated by org.testng.reporters.JUnitReportReporter -->
<testsuite hostname="Rutz" failures="0" tests="5" name="tests.LoginTest" time="44.145" errors="0" timestamp="2025-07-18T12:06:53 IST" skipped="0">
  <testcase classname="tests.LoginTest" name="loginTest" time="7.771"/>
  <system-out/>
  <testcase classname="tests.LoginTest" name="loginTest" time="8.974"/>
  <system-out/>
  <testcase classname="tests.LoginTest" name="loginTest" time="11.493"/>
  <system-out/>
  <testcase classname="tests.LoginTest" name="loginTest" time="7.720"/>
  <system-out/>
  <testcase classname="tests.LoginTest" name="loginTest" time="8.187"/>
  <system-out/>
</testsuite> <!-- tests.LoginTest -->
