<?xml version="1.0" encoding="UTF-8"?>
<!-- Generated by org.testng.reporters.JUnitReportReporter -->
<testsuite hostname="Rutz" failures="0" tests="4" name="tests.AdminTest" time="44.315" errors="0" timestamp="2025-07-13T16:48:38 IST" skipped="0">
  <testcase classname="tests.AdminTest" name="validateLeftMenuAndNavigateToAdmin" time="13.371"/>
  <system-out/>
  <testcase classname="tests.AdminTest" name="searchByUsername" time="11.066"/>
  <system-out/>
  <testcase classname="tests.AdminTest" name="searchByUserRole" time="10.280"/>
  <system-out/>
  <testcase classname="tests.AdminTest" name="searchByUserStatus" time="9.598"/>
  <system-out/>
</testsuite> <!-- tests.AdminTest -->
